<?xml version="1.0" encoding="UTF-8"?>
<!-- Generated by org.testng.reporters.JUnitReportReporter -->
<testsuite hostname="Ragnar" failures="0" tests="1" name="restassured.SumValidation" time="1.626" errors="0" timestamp="2024-12-29T10:31:46 IST" skipped="0">
  <testcase classname="restassured.SumValidation" name="sumOfCourses" time="1.626"/>
</testsuite> <!-- restassured.SumValidation -->
