<?xml version="1.0" encoding="UTF-8"?>
<!-- Generated by org.testng.reporters.JUnitReportReporter -->
<testsuite hostname="Ragnar" failures="0" tests="6" name="restassured.DynamicJSON" time="12.134" errors="0" timestamp="2024-12-29T13:41:06 IST" skipped="0">
  <testcase classname="restassured.DynamicJSON" name="addBooks" time="4.347"/>
  <testcase classname="restassured.DynamicJSON" name="addBooks" time="3.014"/>
  <testcase classname="restassured.DynamicJSON" name="addBooks" time="1.764"/>
  <testcase classname="restassured.DynamicJSON" name="deleteBooks" time="0.280"/>
  <testcase classname="restassured.DynamicJSON" name="deleteBooks" time="2.218"/>
  <testcase classname="restassured.DynamicJSON" name="deleteBooks" time="0.511"/>
</testsuite> <!-- restassured.DynamicJSON -->
