<?xml version="1.0" encoding="UTF-8"?>
<!-- Generated by org.testng.reporters.JUnitReportReporter -->
<testsuite hostname="Ragnar" failures="0" tests="1" name="test.AutoCompleteTest" time="2.442" errors="0" timestamp="2024-12-19T20:34:11 IST" skipped="0">
  <testcase classname="test.AutoCompleteTest" name="selectValue" time="2.442"/>
</testsuite> <!-- test.AutoCompleteTest -->
