<?xml version="1.0" encoding="UTF-8"?>
<!-- Generated by org.testng.reporters.JUnitReportReporter -->
<testsuite hostname="Ragnar" failures="0" tests="1" name="test.FileUploadTest" time="0.140" errors="0" timestamp="2024-12-19T17:53:21 IST" skipped="0">
  <testcase classname="test.FileUploadTest" name="largefileupload" time="0.140"/>
</testsuite> <!-- test.FileUploadTest -->
