<?xml version="1.0" encoding="UTF-8"?>
<!-- Generated by org.testng.reporters.JUnitReportReporter -->
<testsuite hostname="Ragnar" failures="0" tests="1" name="test.ForgotPasswordTest" time="3.068" errors="0" timestamp="2024-12-13T23:23:24 IST" skipped="0">
  <testcase classname="test.ForgotPasswordTest" name="testvalidemail" time="3.068"/>
</testsuite> <!-- test.ForgotPasswordTest -->
