<?xml version="1.0" encoding="UTF-8"?>
<!-- Generated by org.testng.reporters.JUnitReportReporter -->
<testsuite hostname="Ragnar" failures="0" tests="1" name="test.DynamicTableTest" time="0.142" errors="0" timestamp="2024-12-19T09:53:25 IST" skipped="0">
  <testcase classname="test.DynamicTableTest" name="printtablespecificvalues" time="0.142"/>
</testsuite> <!-- test.DynamicTableTest -->
