<?xml version="1.0" encoding="UTF-8"?>
<!-- Generated by org.testng.reporters.JUnitReportReporter -->
<testsuite hostname="Ragnar" failures="0" tests="1" name="test.DynamicElementTest" time="5.446" errors="0" timestamp="2024-12-20T14:23:47 IST" skipped="0">
  <testcase classname="test.DynamicElementTest" name="elementadded" time="5.446"/>
</testsuite> <!-- test.DynamicElementTest -->
