<?xml version="1.0" encoding="UTF-8"?>
<!-- Generated by org.testng.reporters.JUnitReportReporter -->
<testsuite hostname="Ragnar" failures="0" tests="2" name="test.LoginTest" time="12.681" errors="0" timestamp="2024-11-20T02:01:16 IST" skipped="0">
  <testcase classname="test.LoginTest" name="testValidLogin" time="9.059"/>
  <testcase classname="test.LoginTest" name="testInvalidValidLogin" time="3.622"/>
</testsuite> <!-- test.LoginTest -->
