<?xml version="1.0" encoding="UTF-8"?>
<!-- Generated by org.testng.reporters.JUnitReportReporter -->
<testsuite hostname="Ragnar" failures="0" tests="1" name="test.KeyPressTest" time="2.519" errors="0" timestamp="2024-12-19T21:08:23 IST" skipped="0">
  <testcase classname="test.KeyPressTest" name="keypress" time="2.519"/>
</testsuite> <!-- test.KeyPressTest -->
