<?xml version="1.0" encoding="UTF-8"?>
<!-- Generated by org.testng.reporters.JUnitReportReporter -->
<testsuite hostname="Ragnar" failures="0" tests="1" name="test.SliderTest" time="0.431" errors="0" timestamp="2024-12-19T21:37:00 IST" skipped="0">
  <testcase classname="test.SliderTest" name="slide" time="0.431"/>
</testsuite> <!-- test.SliderTest -->
