<?xml version="1.0" encoding="UTF-8"?>
<!-- Generated by org.testng.reporters.JUnitReportReporter -->
<testsuite hostname="Ragnar" failures="0" tests="1" name="test.DragandDropTest" time="0.351" errors="0" timestamp="2024-12-19T12:21:59 IST" skipped="0">
  <testcase classname="test.DragandDropTest" name="dragAintoB" time="0.351"/>
</testsuite> <!-- test.DragandDropTest -->
