<?xml version="1.0" encoding="UTF-8"?>
<!-- Generated by org.testng.reporters.JUnitReportReporter -->
<testsuite hostname="Ragnar" failures="0" tests="1" name="test.FormValidationTest" time="2.550" errors="0" timestamp="2024-12-19T13:04:29 IST" skipped="0">
  <testcase classname="test.FormValidationTest" name="filltheform" time="2.550"/>
</testsuite> <!-- test.FormValidationTest -->
