<?xml version="1.0" encoding="UTF-8"?>
<!-- Generated by org.testng.reporters.JUnitReportReporter -->
<testsuite hostname="Ragnar" failures="0" tests="2" name="test.RadioButtonTest" time="0.265" errors="0" timestamp="2024-12-19T11:45:01 IST" skipped="0">
  <testcase classname="test.RadioButtonTest" name="selectfavcolour" time="0.167"/>
  <testcase classname="test.RadioButtonTest" name="selectfavgame" time="0.098"/>
</testsuite> <!-- test.RadioButtonTest -->
