<?xml version="1.0" encoding="UTF-8"?>
<!-- Generated by org.testng.reporters.JUnitReportReporter -->
<testsuite hostname="Ragnar" failures="0" tests="1" name="test.IframeTest" time="2.465" errors="0" timestamp="2024-12-20T12:27:17 IST" skipped="0">
  <testcase classname="test.IframeTest" name="Subscribe" time="2.465"/>
</testsuite> <!-- test.IframeTest -->
