<?xml version="1.0" encoding="UTF-8"?>
<!-- Generated by org.testng.reporters.JUnitReportReporter -->
<testsuite hostname="Ragnar" failures="0" tests="1" name="test.BrowserInformationTest" time="0.687" errors="0" timestamp="2024-12-19T10:34:37 IST" skipped="0">
  <testcase classname="test.BrowserInformationTest" name="printDetails" time="0.687"/>
</testsuite> <!-- test.BrowserInformationTest -->
