<?xml version="1.0" encoding="UTF-8"?>
<!-- Generated by org.testng.reporters.JUnitReportReporter -->
<testsuite hostname="Ragnar" failures="0" tests="1" name="test.MultipleWindowTest" time="2.520" errors="0" timestamp="2024-12-20T13:33:15 IST" skipped="0">
  <testcase classname="test.MultipleWindowTest" name="selectValue" time="2.520"/>
</testsuite> <!-- test.MultipleWindowTest -->
