<?xml version="1.0" encoding="UTF-8"?>
<!-- Generated by org.testng.reporters.JUnitReportReporter -->
<testsuite hostname="Ragnar" failures="0" tests="1" name="test.OTPLoginTest" time="10.001" errors="0" timestamp="2024-12-18T17:02:23 IST" skipped="0">
  <testcase classname="test.OTPLoginTest" name="testInvalidOTP" time="10.001"/>
</testsuite> <!-- test.OTPLoginTest -->
