<?xml version="1.0" encoding="UTF-8"?>
<!-- Generated by org.testng.reporters.JUnitReportReporter -->
<testsuite hostname="Ragnar" failures="0" tests="1" name="test.ScrollBarsTest" time="0.181" errors="0" timestamp="2024-12-20T14:47:01 IST" skipped="0">
  <testcase classname="test.ScrollBarsTest" name="ClickButton" time="0.181"/>
</testsuite> <!-- test.ScrollBarsTest -->
